\BOOKMARK [1][-]{section.1}{\376\377\116\000\121\103\121\375\145\160\166\204\147\201\226\120\116\016\217\336\176\355}{}% 1
\BOOKMARK [2][-]{subsection.1.1}{\376\377\147\201\226\120}{section.1}% 2
\BOOKMARK [2][-]{subsection.1.2}{\376\377\217\336\176\355}{section.1}% 3
\BOOKMARK [1][-]{section.2}{\376\377\116\000\121\103\121\375\145\160\137\256\122\006\133\146}{}% 4
\BOOKMARK [2][-]{subsection.2.1}{\376\377\133\374\145\160\116\016\137\256\122\006}{section.2}% 5
\BOOKMARK [2][-]{subsection.2.2}{\376\377\137\256\122\006\116\055\120\074\133\232\164\006}{section.2}% 6
\BOOKMARK [2][-]{subsection.2.3}{\376\377\116\000\121\103\137\256\122\006\133\146\176\374\124\010\230\230}{section.2}% 7
\BOOKMARK [1][-]{section.3}{\376\377\116\015\133\232\171\357\122\006\116\016\133\232\171\357\122\006}{}% 8
\BOOKMARK [2][-]{subsection.3.1}{\376\377\116\015\133\232\171\357\122\006}{section.3}% 9
\BOOKMARK [2][-]{subsection.3.2}{\376\377\133\232\171\357\122\006}{section.3}% 10
\BOOKMARK [2][-]{subsection.3.3}{\376\377\133\232\171\357\122\006\176\374\124\010\230\230}{section.3}% 11
\BOOKMARK [1][-]{section.4}{\376\377\131\032\121\103\121\375\145\160\137\256\122\006\133\146}{}% 12
\BOOKMARK [2][-]{subsection.4.1}{\376\377\121\375\145\160\116\016\126\376\137\142}{section.4}% 13
\BOOKMARK [2][-]{subsection.4.2}{\376\377\147\201\226\120\377\014\217\336\176\355\116\016\137\256\122\006}{section.4}% 14
\BOOKMARK [2][-]{subsection.4.3}{\376\377\121\340\117\125\141\017\116\111\377\014\147\201\120\074\116\016\147\000\120\074}{section.4}% 15
\BOOKMARK [1][-]{section.5}{\376\377\131\032\121\103\121\375\145\160\171\357\122\006\133\146}{}% 16
\BOOKMARK [2][-]{subsection.5.1}{\376\377\221\315\171\357\122\006}{section.5}% 17
\BOOKMARK [2][-]{subsection.5.2}{\376\377\146\362\176\277\171\357\122\006\116\016\146\362\227\142\171\357\122\006}{section.5}% 18
\BOOKMARK [2][-]{subsection.5.3}{\376\377\131\032\121\103\121\375\145\160\171\357\122\006\133\146\166\204\136\224\165\050}{section.5}% 19
\BOOKMARK [1][-]{section.6}{\376\377\145\340\172\167\176\247\145\160}{}% 20
\BOOKMARK [2][-]{subsection.6.1}{\376\377\145\160\230\171\176\247\145\160}{section.6}% 21
\BOOKMARK [2][-]{subsection.6.2}{\376\377\121\375\145\160\230\171\176\247\145\160}{section.6}% 22
\BOOKMARK [1][-]{section.7}{\376\377\137\256\122\006\145\271\172\013}{}% 23
\BOOKMARK [2][-]{subsection.7.1}{\376\377\122\035\173\111\171\357\122\006\154\325\116\016\176\277\140\047\145\271\172\013}{section.7}% 24
\BOOKMARK [2][-]{subsection.7.2}{\376\377\137\256\122\006\145\271\172\013\166\204\136\224\165\050}{section.7}% 25
